<?xml version="1.0" encoding="UTF-8"?>
<!-- Generated by org.testng.reporters.JUnitXMLReporter -->
<testsuite hostname="BDTUDV31328" name="Default test" tests="3" failures="0" timestamp="20 Jan 2016 10:48:40 GMT" time="0.059" errors="0">
  <testcase name="CreateCustomer" time="0.03" classname="TestNGPackage.TestNGFirstClass"/>
  <testcase name="WOCreation" time="0.0" classname="TestNGPackage.TestNGFirstClass"/>
  <testcase name="WOActivation" time="0.001" classname="TestNGPackage.TestNGFirstClass"/>
</testsuite> <!-- Default test -->
